csi-ncsim - CSI: Command line:
ncsim
    -f /home/M10912039/GitHub/CIC_2020_grad/INCA_libs/irun.lnx86.11.10.nc/DICS60_9251/ncsim.args
        +access+r
        +define+SDF
        +ncmaxdelays
        -MESSAGES
        +EMGRLOG ncverilog.log
        -XLSTIME 1599409035
        -XLKEEP
        -XLMODE ./INCA_libs/irun.lnx86.11.10.nc
        -RUNMODE
        -CDSLIB ./INCA_libs/irun.lnx86.11.10.nc/cds.lib
        -HDLVAR ./INCA_libs/irun.lnx86.11.10.nc/hdl.var
        -XLNAME ncverilog
        -XLVERSION TOOL:	ncverilog	11.10-s072
        -XLNAME ./INCA_libs/irun.lnx86.11.10.nc/DICS60_9251
    -CHECK_VERSION TOOL:	ncverilog	11.10-s072
    -LOG_FD 4
    -LOG_FD_NAME ncverilog.log
    -cmdnopsim
    -runlock /home/M10912039/GitHub/CIC_2020_grad/INCA_libs/irun.lnx86.11.10.nc/.nclib.lock
    -runscratch /home/M10912039/GitHub/CIC_2020_grad/INCA_libs/irun.lnx86.11.10.nc/DICS60_9251

csi-ncsim - CSI: *F,INTERR: INTERNAL EXCEPTION
Observed simulation time : 24500 NS + 0
-----------------------------------------------------------------
The tool has encountered an unexpected condition and must exit.
Contact Cadence Design Systems customer support about this
problem and provide enough information to help us reproduce it,
including the logfile that contains this error message.
  TOOL:	ncsim	11.10-s072
  HOSTNAME: DICS60
  OPERATING SYSTEM: Linux 2.6.18-404.el5 #1 SMP Tue Apr 7 12:42:54 EDT 2015 x86_64
  MESSAGE: Unexpected signal #6, program terminated (null)
-----------------------------------------------------------------

csi-ncsim - CSI: Cadence Support Investigation, recording details
User Code in function: <unavailable> offset 806483 in /usr/cad/synopsys/verdi/cur/share/PLI/IUS/LINUX/libsscore_ius111.so
User Code in function: <unavailable> offset 15671971
User Code in function: abort offset 257
User Code in function: <unavailable> offset 398971
User Code in function: __libc_fatal offset 52
User Code in function: <unavailable> offset 59842
User Code in function: <unavailable> offset 59985
User Code in function: __pthread_unwind offset 81
User Code in function: pthread_detach offset 0
User Code in function: NDPpthread_attr_init offset 0 in /usr/cad/synopsys/verdi/cur/share/PLI/IUS/LINUX/libsscore_ius111.so
User Code in function: <unavailable> offset 810098 in /usr/cad/synopsys/verdi/cur/share/PLI/IUS/LINUX/libsscore_ius111.so
User Code in function: <unavailable> offset 22802
csi-ncsim - CSI: investigation complete took 0.000 secs, send this file to Cadence Support
