ncsim 15.20-s039
Linux 3.10.0-1160.15.2.el7.x86_64 #1 SMP Wed Feb 3 15:06:38 UTC 2021 x86_64
CPU cores: 8
Limit information:
======================================
cputime			unlimited
filesize		unlimited
datasize		unlimited
stacksize		8192 kbytes
coredumpsize	0 kbytes
memoryuse		unlimited
vmemoryuse		unlimited
descriptors		4096
memorylocked	64 kbytes
maxproc			4096
======================================
(Special)Runtime environment variables:

Runtime environment variables:
BROWSER=/home/DICS_LAB/M10912039/.vscode-server/bin/622cb03f7e070a9670c94bae1a45d78d7181fbd4/bin/helpers/browser.sh
COLORTERM=truecolor
DISPLAY=140.125.44.75:0.0
EDITOR=/usr/bin/vim
GIT_ASKPASS=/home/DICS_LAB/M10912039/.vscode-server/bin/622cb03f7e070a9670c94bae1a45d78d7181fbd4/extensions/git/dist/askpass.sh
GROUP=M10912039
HISTCONTROL=ignoredups
HISTSIZE=1000
HOME=/home/DICS_LAB/M10912039
HOST=dics03.ee.yuntech.edu.tw
HOSTNAME=dics03.ee.yuntech.edu.tw
HOSTTYPE=x86_64-linux
LANG=en_US.UTF-8
LD_LIBRARY_PATH=/usr/cad/synopsys/verdi/cur/share/PLI/IUS/LINUX/:/usr/cad/cadence/INCISIV/cur/tools/lib:/usr/cad/cadence/INCISIV/cur/tools/vtools/vfault/lib::/usr/openwin/lib:/usr/dt/lib:/usr/lib:/usr/local/lib
LESSOPEN=||/usr/bin/lesspipe.sh %s
LM_LICENSE_FILE=26585@140.120.90.46:5280@140.116.49.24:
LOGNAME=M10912039
LS_COLORS=rs=0:di=38;5;27:ln=38;5;51:mh=44;38;5;15:pi=40;38;5;11:so=38;5;13:do=38;5;5:bd=48;5;232;38;5;11:cd=48;5;232;38;5;3:or=48;5;232;38;5;9:mi=05;48;5;232;38;5;15:su=48;5;196;38;5;15:sg=48;5;11;38;5;16:ca=48;5;196;38;5;226:tw=48;5;10;38;5;16:ow=48;5;10;38;5;21:st=48;5;21;38;5;15:ex=38;5;34:*.tar=38;5;9:*.tgz=38;5;9:*.arc=38;5;9:*.arj=38;5;9:*.taz=38;5;9:*.lha=38;5;9:*.lz4=38;5;9:*.lzh=38;5;9:*.lzma=38;5;9:*.tlz=38;5;9:*.txz=38;5;9:*.tzo=38;5;9:*.t7z=38;5;9:*.zip=38;5;9:*.z=38;5;9:*.Z=38;5;9:*.dz=38;5;9:*.gz=38;5;9:*.lrz=38;5;9:*.lz=38;5;9:*.lzo=38;5;9:*.xz=38;5;9:*.bz2=38;5;9:*.bz=38;5;9:*.tbz=38;5;9:*.tbz2=38;5;9:*.tz=38;5;9:*.deb=38;5;9:*.rpm=38;5;9:*.jar=38;5;9:*.war=38;5;9:*.ear=38;5;9:*.sar=38;5;9:*.rar=38;5;9:*.alz=38;5;9:*.ace=38;5;9:*.zoo=38;5;9:*.cpio=38;5;9:*.7z=38;5;9:*.rz=38;5;9:*.cab=38;5;9:*.jpg=38;5;13:*.jpeg=38;5;13:*.gif=38;5;13:*.bmp=38;5;13:*.pbm=38;5;13:*.pgm=38;5;13:*.ppm=38;5;13:*.tga=38;5;13:*.xbm=38;5;13:*.xpm=38;5;13:*.tif=38;5;13:*.tiff=38;5;13:*.png=38;5;13:*.svg=38;5;13:*.svgz=38;5;13:*.mng=38;5;13:*.pcx=38;5;13:*.mov=38;5;13:*.mpg=38;5;13:*.mpeg=38;5;13:*.m2v=38;5;13:*.mkv=38;5;13:*.webm=38;5;13:*.ogm=38;5;13:*.mp4=38;5;13:*.m4v=38;5;13:*.mp4v=38;5;13:*.vob=38;5;13:*.qt=38;5;13:*.nuv=38;5;13:*.wmv=38;5;13:*.asf=38;5;13:*.rm=38;5;13:*.rmvb=38;5;13:*.flc=38;5;13:*.avi=38;5;13:*.fli=38;5;13:*.flv=38;5;13:*.gl=38;5;13:*.dl=38;5;13:*.xcf=38;5;13:*.xwd=38;5;13:*.yuv=38;5;13:*.cgm=38;5;13:*.emf=38;5;13:*.axv=38;5;13:*.anx=38;5;13:*.ogv=38;5;13:*.ogx=38;5;13:*.aac=38;5;45:*.au=38;5;45:*.flac=38;5;45:*.mid=38;5;45:*.midi=38;5;45:*.mka=38;5;45:*.mp3=38;5;45:*.mpc=38;5;45:*.ogg=38;5;45:*.ra=38;5;45:*.wav=38;5;45:*.axa=38;5;45:*.oga=38;5;45:*.spx=38;5;45:*.xspf=38;5;45:
MACHTYPE=x86_64
MAIL=/var/spool/mail/M10912039
MANPATH=/usr/cad/synopsys/synthesis/cur/doc/syn/man
OLDPWD=/home/DICS_LAB/M10912039/CIC/CIC_2020_grad/version_2
OSTYPE=linux
PATH=/usr/cad/synopsys/synplify/cur/bin:/usr/bin/X11:/usr/cad/synopsys/coreConsultant/cur/bin:/usr/cad/synopsys/synthesis/cur/amd64/syn/bin:/usr/cad/synopsys/lc/cur/bin:/usr/bin/X11:/usr/cad/synopsys/primetime/cur/amd64/syn/bin:/usr/cad/synopsys/identify/cur/bin:/usr/cad/synopsys/icc2/cur/bin:/usr/cad/synopsys/verdi/cur/bin:/usr/cad/synopsys/verdi/cur/nLint/bin:/usr/cad/synopsys/icc/cur/amd64/syn/bin:/usr/cad/synopsys/spyglass/cur/SPYGLASS_HOME/bin:/usr/cad/synopsys/vcs/cur/bin:/usr/cad/synopsys/vcs/cur/linux/bin:/usr/cad/synopsys/vcs/cur/linux/util:/usr/cad/synopsys/vcs/cur/linux/flexlm:/usr/cad/cadence/INCISIV/cur/tools/bin:/usr/cad/cadence/INCISIV/cur/tools/vtools/vfault/bin:/usr/cad/cadence/INCISIV/cur/tools/dfII/bin:/home/DICS_LAB/M10912039/.vscode-server/bin/622cb03f7e070a9670c94bae1a45d78d7181fbd4/bin:/home/DICS_LAB/M10912039/.vscode-server/bin/622cb03f7e070a9670c94bae1a45d78d7181fbd4/bin:/usr/local/bin:/usr/bin:/usr/local/sbin:/usr/sbin:/home/DICS_LAB/M10912039/.local/bin:/home/DICS_LAB/M10912039/bin
PRIMETIME=/usr/cad/synopsys/primetime/cur
PWD=/home/DICS_LAB/M10912039/CIC/CIC_2020_grad/version_1/sim
SG_HTML_BROWSER=/usr/bin/mozilla
SHELL=/bin/bash
SHLIB_PATH=/usr/cad/synopsys/verdi/cur/share/PLI/IUS/LINUX
SHLVL=7
SSH_CLIENT=140.125.44.75 59065 22
SSH_CONNECTION=140.125.44.75 59065 140.125.44.63 22
SYNOPSYS=/usr/cad/synopsys/icc/cur
SYNOPSYS_identify=/usr/cad/synopsys/identify/cur
SYNOPSYS_synplify=/usr/cad/synopsys/synplify/cur
SYNTHESIS=/usr/cad/synopsys/synthesis/cur
SYN_MAN_DIR=/usr/cad/synopsys/synthesis/cur/doc/syn/man
TERM=xterm-256color
TERM_PROGRAM=vscode
TERM_PROGRAM_VERSION=1.53.2
USER=M10912039
VCS_CC=gcc
VCS_HOME=/usr/cad/synopsys/vcs/cur/
VENDOR=unknown
VERDI_HOME=/usr/cad/synopsys/verdi/cur/
VSCODE_GIT_ASKPASS_MAIN=/home/DICS_LAB/M10912039/.vscode-server/bin/622cb03f7e070a9670c94bae1a45d78d7181fbd4/extensions/git/dist/askpass-main.js
VSCODE_GIT_ASKPASS_NODE=/home/DICS_LAB/M10912039/.vscode-server/bin/622cb03f7e070a9670c94bae1a45d78d7181fbd4/node
VSCODE_GIT_IPC_HANDLE=/run/user/1001/vscode-git-ae3a0c881b.sock
VSCODE_IPC_HOOK_CLI=/run/user/1001/vscode-ipc-358f4ff7-097d-4587-b1d3-ee85cbec980d.sock
XDG_DATA_DIRS=/home/DICS_LAB/M10912039/.local/share/flatpak/exports/share:/var/lib/flatpak/exports/share:/usr/local/share:/usr/share
XDG_RUNTIME_DIR=/run/user/1001
XDG_SESSION_ID=2
XLOCALEDIR=/usr/cad/synopsys/icc2/cur/etc/locale
_IRUNROOT_=/usr/cad/cadence/INCISIV/cur/tools
CDS_ARCH=lnx86
NCRUNMODE=ncverilog:./INCA_libs/irun.lnx86.15.20.nc
IRUNBATCH=FALSE
IMPERAS_PORT_FILE=.vsp_ovp_gdb_port
TCL_LIBRARY=/usr/cad/cadence/INCISIV/cur/tools/inca/files/tcl/library
Runtime command line arguments:
argv[0]=ncverilog
argv[1]=tb_term.sv
argv[2]=../src/SME.v
82 profile - 100
          CPU/Mem usage: 0.040 sys,  0.030 user,  61.91M sys,  0.00M vm
83 VC callback profile - scalar:0 vector:0
84 Fri Mar  5 22:38:52 2021
85 pliAppInit
86 FSDB_GATE is disabled.
87 Enable Parallel Dumping.
88 pliAppMiscSet: New Sim Round
89 pliEntryInit
90 LIBSSCORE=found /usr/cad/synopsys/verdi/cur/share/PLI/IUS/LINUX/libsscore_ius152.so through $LD_LIBRARY_PATH setting.
91 argv[0]: SME.fsdb
92 FSDB Dumper for IUS, Release Verdi_R-2020.12, Linux, 11/19/2020
93 (C) 1996 - 2020 by Synopsys, Inc.
94 sps_call_fsdbDumpfile at 0 : /home/DICS_LAB/M10912039/CIC/CIC_2020_grad/version_1/sim/tb_term.sv(42)
95 argv[0]: SME.fsdb
96 *Verdi* FSDB WARNING: The FSDB file already exists. Overwriting the FSDB file may crash the programs that are using this file.
97 *Verdi* : Create FSDB file 'SME.fsdb'
98 sps_call_fsdbDumpvars at 0 : /home/DICS_LAB/M10912039/CIC/CIC_2020_grad/version_1/sim/tb_term.sv(43)
99 *Verdi* : Begin traversing the scopes, layer (0).
100 *Verdi* WARNING: [NoReadAccess][FilterOut]Name:testfixture.char_count(25)
101 *Verdi* WARNING: [NoReadAccess][FilterOut]Name:testfixture.clk(48)
102 *Verdi* WARNING: [NoReadAccess][FilterOut]Name:testfixture.reset(48)
103 *Verdi* WARNING: [NoReadAccess][FilterOut]Name:testfixture.chardata(48)
104 *Verdi* WARNING: [NoReadAccess][FilterOut]Name:testfixture.isstring(48)
105 *Verdi* WARNING: [NoReadAccess][FilterOut]Name:testfixture.ispattern(48)
106 *Verdi* WARNING: [NoReadAccess][FilterOut]Name:testfixture.cycle(48)
107 *Verdi* WARNING: [NoReadAccess][FilterOut]Name:testfixture.strindex(25)
108 *Verdi* WARNING: [NoReadAccess][FilterOut]Name:testfixture.goldmatch_index(48)
109 *Verdi* WARNING: [NoReadAccess][FilterOut]Name:testfixture.goldmatch(48)
110 *Verdi* WARNING: [NoReadAccess][FilterOut]Name:testfixture.valid_reg(48)
111 *Verdi* WARNING: [NoReadAccess][FilterOut]Name:testfixture.wait_valid(48)
112 *Verdi* WARNING: [NoReadAccess][FilterOut]Name:testfixture.getmatch(48)
113 *Verdi* WARNING: [NoReadAccess][FilterOut]Name:testfixture.getmatch_index(48)
114 *Verdi* WARNING: [NoReadAccess][FilterOut]Name:testfixture.score(25)
115 *Verdi* WARNING: [NoReadAccess][FilterOut]Name:testfixture.allpass(25)
116 *Verdi* WARNING: [NoReadAccess][FilterOut]Name:testfixture.valid(36)
117 *Verdi* WARNING: [NoReadAccess][FilterOut]Name:testfixture.match(36)
118 *Verdi* WARNING: [NoReadAccess][FilterOut]Name:testfixture.match_index(36)
119 *Verdi* WARNING: [NoReadAccess][FilterOut]Name:testfixture.u_SME.match(48)
120 *Verdi* WARNING: [NoReadAccess][FilterOut]Name:testfixture.u_SME.match_index(48)
121 *Verdi* WARNING: [NoReadAccess][FilterOut]Name:testfixture.u_SME.valid(48)
122 *Verdi* WARNING: [NoReadAccess][FilterOut]Name:testfixture.u_SME.current_state(48)
123 *Verdi* WARNING: [NoReadAccess][FilterOut]Name:testfixture.u_SME.next_state(48)
124 *Verdi* WARNING: [NoReadAccess][FilterOut]Name:testfixture.u_SME.stringData(48)
125 *Verdi* WARNING: [NoReadAccess][FilterOut]Name:testfixture.u_SME.pattern(48)
126 *Verdi* WARNING: [NoReadAccess][FilterOut]Name:testfixture.u_SME.stringCounter(48)
127 *Verdi* WARNING: [NoReadAccess][FilterOut]Name:testfixture.u_SME.stringNum(48)
128 *Verdi* WARNING: [NoReadAccess][FilterOut]Name:testfixture.u_SME.patternCounter(48)
129 *Verdi* WARNING: [NoReadAccess][FilterOut]Name:testfixture.u_SME.matchTemp(48)
130 *Verdi* WARNING: [NoReadAccess][FilterOut]Name:testfixture.u_SME.indexNum(48)
131 *Verdi* WARNING: [NoReadAccess][FilterOut]Name:testfixture.u_SME.special_locate(48)
132 *Verdi* WARNING: [NoReadAccess][FilterOut]Name:testfixture.u_SME.special(48)
133 *Verdi* WARNING: [NoReadAccess][FilterOut]Name:testfixture.u_SME.match_front(48)
134 *Verdi* WARNING: [NoReadAccess][FilterOut]Name:testfixture.u_SME.match_after(48)
135 *Verdi* WARNING: [NoReadAccess][FilterOut]Name:testfixture.u_SME.pattern_front(48)
136 *Verdi* WARNING: [NoReadAccess][FilterOut]Name:testfixture.u_SME.pattern_after(48)
137 *Verdi* WARNING: [NoReadAccess][FilterOut]Name:testfixture.u_SME.stringBuffer(48)
138 *Verdi* WARNING: [NoReadAccess][FilterOut]Name:testfixture.u_SME.patternTemp(48)
139 *Verdi* WARNING: [NoReadAccess][FilterOut]Name:testfixture.u_SME.patternTempAfter(48)
140 *Verdi* WARNING: [NoReadAccess][FilterOut]Name:testfixture.u_SME.matc_indexTemp(48)
141 *Verdi* WARNING: [NoReadAccess][FilterOut]Name:testfixture.u_SME.pattern_front_count(48)
142 *Verdi* WARNING: [NoReadAccess][FilterOut]Name:testfixture.u_SME.clk(36)
143 *Verdi* WARNING: [NoReadAccess][FilterOut]Name:testfixture.u_SME.reset(36)
144 *Verdi* WARNING: [NoReadAccess][FilterOut]Name:testfixture.u_SME.chardata(36)
145 *Verdi* WARNING: [NoReadAccess][FilterOut]Name:testfixture.u_SME.isstring(36)
146 *Verdi* WARNING: [NoReadAccess][FilterOut]Name:testfixture.u_SME.ispattern(36)
147 *Verdi* : End of traversing.
148 fsdbDumpvars traverse var: profile - 
          CPU/Mem usage: 0.040 sys,  0.040 user,  144.26M sys,  0.00M vm
                   incr: 0.000 sys,  0.000 user,  3.49M sys,  0.00M vm
                   accu: 0.000 sys,  0.000 user,  3.49M sys,  0.00M vm
              accu incr: 0.000 sys,  0.000 user,  3.49M sys,  0.00M vm

          Count usage: 1 var,  1 idcode,  1 callback
                 incr: 1 var,  1 idcode,  1 callback
                 accu: 1 var,  1 idcode,  1 callback
            accu incr: 1 var,  1 idcode,  1 callback
149 VC callback profile - scalar:0 vector:0
150 Fri Mar  5 22:38:52 2021
151 fsdbDumpvars: profile - 
          CPU/Mem usage: 0.040 sys,  0.040 user,  145.31M sys,  0.00M vm
                   incr: 0.000 sys,  0.000 user,  1.05M sys,  0.00M vm
                   accu: 0.000 sys,  0.000 user,  4.54M sys,  0.00M vm
              accu incr: 0.000 sys,  0.000 user,  1.05M sys,  0.00M vm

          Count usage: 1 var,  1 idcode,  1 callback
                 incr: 0 var,  0 idcode,  0 callback
                 accu: 1 var,  1 idcode,  1 callback
            accu incr: 0 var,  0 idcode,  0 callback
152 VC callback profile - scalar:0 vector:1
153 Fri Mar  5 22:38:52 2021
154 sps_call_fsdbDumpMDA at 0 : /home/DICS_LAB/M10912039/CIC/CIC_2020_grad/version_1/sim/tb_term.sv(44)
155 *Verdi* : Begin traversing the MDAs, layer (0).
156 *Verdi* : Enable +mda and +packedmda dumping.
157 *Verdi* WARNING: [NoReadAccess][FilterOut]Name:testfixture.char_count(25)
158 *Verdi* WARNING: [NoReadAccess][FilterOut]Name:testfixture.clk(48)
159 *Verdi* WARNING: [NoReadAccess][FilterOut]Name:testfixture.reset(48)
160 *Verdi* WARNING: [NoReadAccess][FilterOut]Name:testfixture.chardata(48)
161 *Verdi* WARNING: [NoReadAccess][FilterOut]Name:testfixture.isstring(48)
162 *Verdi* WARNING: [NoReadAccess][FilterOut]Name:testfixture.ispattern(48)
163 *Verdi* WARNING: [NoReadAccess][FilterOut]Name:testfixture.cycle(48)
164 *Verdi* WARNING: [NoReadAccess][FilterOut]Name:testfixture.strindex(25)
165 *Verdi* WARNING: [NoReadAccess][FilterOut]Name:testfixture.goldmatch_index(48)
166 *Verdi* WARNING: [NoReadAccess][FilterOut]Name:testfixture.goldmatch(48)
167 *Verdi* WARNING: [NoReadAccess][FilterOut]Name:testfixture.valid_reg(48)
168 *Verdi* WARNING: [NoReadAccess][FilterOut]Name:testfixture.wait_valid(48)
169 *Verdi* WARNING: [NoReadAccess][FilterOut]Name:testfixture.getmatch(48)
170 *Verdi* WARNING: [NoReadAccess][FilterOut]Name:testfixture.getmatch_index(48)
171 *Verdi* WARNING: [NoReadAccess][FilterOut]Name:testfixture.score(25)
172 *Verdi* WARNING: [NoReadAccess][FilterOut]Name:testfixture.allpass(25)
173 *Verdi* WARNING: [NoReadAccess][FilterOut]Name:testfixture.valid(36)
174 *Verdi* WARNING: [NoReadAccess][FilterOut]Name:testfixture.match(36)
175 *Verdi* WARNING: [NoReadAccess][FilterOut]Name:testfixture.match_index(36)
176 *Verdi* WARNING: [NoReadAccess][FilterOut]Name:testfixture.u_SME.match(48)
177 *Verdi* WARNING: [NoReadAccess][FilterOut]Name:testfixture.u_SME.match_index(48)
178 *Verdi* WARNING: [NoReadAccess][FilterOut]Name:testfixture.u_SME.valid(48)
179 *Verdi* WARNING: [NoReadAccess][FilterOut]Name:testfixture.u_SME.current_state(48)
180 *Verdi* WARNING: [NoReadAccess][FilterOut]Name:testfixture.u_SME.next_state(48)
181 *Verdi* WARNING: [NoReadAccess][FilterOut]Name:testfixture.u_SME.stringData(48)
182 *Verdi* WARNING: [NoReadAccess][FilterOut]Name:testfixture.u_SME.pattern(48)
183 *Verdi* WARNING: [NoReadAccess][FilterOut]Name:testfixture.u_SME.stringCounter(48)
184 *Verdi* WARNING: [NoReadAccess][FilterOut]Name:testfixture.u_SME.stringNum(48)
185 *Verdi* WARNING: [NoReadAccess][FilterOut]Name:testfixture.u_SME.patternCounter(48)
186 *Verdi* WARNING: [NoReadAccess][FilterOut]Name:testfixture.u_SME.matchTemp(48)
187 *Verdi* WARNING: [NoReadAccess][FilterOut]Name:testfixture.u_SME.indexNum(48)
188 *Verdi* WARNING: [NoReadAccess][FilterOut]Name:testfixture.u_SME.special_locate(48)
189 *Verdi* WARNING: [NoReadAccess][FilterOut]Name:testfixture.u_SME.special(48)
190 *Verdi* WARNING: [NoReadAccess][FilterOut]Name:testfixture.u_SME.match_front(48)
191 *Verdi* WARNING: [NoReadAccess][FilterOut]Name:testfixture.u_SME.match_after(48)
192 *Verdi* WARNING: [NoReadAccess][FilterOut]Name:testfixture.u_SME.pattern_front(48)
193 *Verdi* WARNING: [NoReadAccess][FilterOut]Name:testfixture.u_SME.pattern_after(48)
194 *Verdi* WARNING: [NoReadAccess][FilterOut]Name:testfixture.u_SME.stringBuffer(48)
195 *Verdi* WARNING: [NoReadAccess][FilterOut]Name:testfixture.u_SME.patternTemp(48)
196 *Verdi* WARNING: [NoReadAccess][FilterOut]Name:testfixture.u_SME.patternTempAfter(48)
197 *Verdi* WARNING: [NoReadAccess][FilterOut]Name:testfixture.u_SME.matc_indexTemp(48)
198 *Verdi* WARNING: [NoReadAccess][FilterOut]Name:testfixture.u_SME.pattern_front_count(48)
199 *Verdi* WARNING: [NoReadAccess][FilterOut]Name:testfixture.u_SME.clk(36)
200 *Verdi* WARNING: [NoReadAccess][FilterOut]Name:testfixture.u_SME.reset(36)
201 *Verdi* WARNING: [NoReadAccess][FilterOut]Name:testfixture.u_SME.chardata(36)
202 *Verdi* WARNING: [NoReadAccess][FilterOut]Name:testfixture.u_SME.isstring(36)
203 *Verdi* WARNING: [NoReadAccess][FilterOut]Name:testfixture.u_SME.ispattern(36)
204 *Verdi* : End of traversing the MDAs.
205 fsdbDumpMDA traverse var: profile - 
          CPU/Mem usage: 0.050 sys,  0.040 user,  145.31M sys,  0.00M vm
                   incr: 0.000 sys,  0.000 user,  0.00M sys,  0.00M vm
                   accu: 0.000 sys,  0.000 user,  0.00M sys,  0.00M vm
              accu incr: 0.000 sys,  0.000 user,  0.00M sys,  0.00M vm

          Count usage: 1 var,  1 idcode,  1 callback
                 incr: 0 var,  0 idcode,  0 callback
                 accu: 0 var,  0 idcode,  0 callback
            accu incr: 0 var,  0 idcode,  0 callback
206 VC callback profile - scalar:0 vector:1
207 Fri Mar  5 22:38:52 2021
208 fsdbDumpMDA: profile - 
          CPU/Mem usage: 0.050 sys,  0.040 user,  145.31M sys,  0.00M vm
                   incr: 0.000 sys,  0.000 user,  0.00M sys,  0.00M vm
                   accu: 0.000 sys,  0.000 user,  0.00M sys,  0.00M vm
              accu incr: 0.000 sys,  0.000 user,  0.00M sys,  0.00M vm

          Count usage: 1 var,  1 idcode,  1 callback
                 incr: 0 var,  0 idcode,  0 callback
                 accu: 0 var,  0 idcode,  0 callback
            accu incr: 0 var,  0 idcode,  0 callback
209 VC callback profile - scalar:0 vector:1
210 Fri Mar  5 22:38:52 2021
211 End of simulation at 2450000
212 VC callback profile - scalar:0 vector:2
213 Fri Mar  5 22:38:52 2021
214 Begin FSDB profile info:
215 FSDB Writer : bc1(0) bcn(2) mtf/stf(0/0)
FSDB Writer elapsed time : flush(0.117409) io wait(0.000000) theadpool wait(0.000000)
FSDB Writer cpu time : MT Compression : 0
216 End FSDB profile info
217 Parallel profile    -  Flush:4 Expand:0 ProduceWait:0 ConsumerWait:0 BlockUsed:1
218                        ProduceTime:0.111379902 ConsumerTime:0.000000000 Buffer:64MB
219 SimExit
220 Sim process exit
