ncverilog: 15.20-s039: (c) Copyright 1995-2017 Cadence Design Systems, Inc.
TOOL:	ncverilog	15.20-s039: Started on Mar 06, 2021 at 00:25:41 CST
ncverilog
	tb_term.sv
	../src/SME.v
	+access+r
Loading snapshot worklib.testfixture:sv .................... Done
ncsim: *W,DSEM2009: This SystemVerilog design is simulated as per IEEE 1800-2009 SystemVerilog simulation semantics. Use -disable_sem2009 option for turning off SV 2009 simulation semantics.
*Verdi* Loading libsscore_ius152.so
ncsim> source /usr/cad/cadence/INCISIV/cur/tools/inca/files/ncsimrc
ncsim> run
FSDB Dumper for IUS, Release Verdi_R-2020.12, Linux, 11/19/2020
(C) 1996 - 2020 by Synopsys, Inc.
*Verdi* FSDB WARNING: The FSDB file already exists. Overwriting the FSDB file may crash the programs that are using this file.
*Verdi* : Create FSDB file 'SME.fsdb'
*Verdi* : Begin traversing the scopes, layer (0).
*Verdi* : End of traversing.
*Verdi* : Begin traversing the MDAs, layer (0).
*Verdi* : Enable +mda and +packedmda dumping.
*Verdi* : End of traversing the MDAs.
----------------------
-- Simulation Start --
----------------------
  __________________________________________________________
  == String 1  "abcdijk lmnop q rstuv"
  -- Pattern 1  "1234"
       cycle 37, expect(0,00) , get(0,00) >> Pass
  -- Pattern 2  "abcd"
       cycle 44, expect(1,00) , get(1,00) >> Pass
  -- Pattern 3  "dijk"
       cycle 54, expect(1,03) , get(1,03) >> Pass
  -- Pattern 4  "pqrst"
       cycle 74, expect(0,00) , get(0,0c) >> Pass
  -- Pattern 5  "pqr.t"
       cycle 94, expect(0,00) , get(0,0c) >> Pass
  -- Pattern 6  "c...k"
       cycle a5, expect(1,02) , get(1,02) >> Pass
  -- Pattern 7  "^lmno"
       cycle bb, expect(1,08) , get(1,08) >> Pass
  -- Pattern 8  "rstuv$"
       cycle db, expect(1,10) , get(1,10) >> Pass
  -- Pattern 9  "^rmn"
       cycle fa, expect(0,00) , get(0,10) >> Pass
  -- Pattern a  "ijk l$"
       cycle 11f, expect(0,00) , get(0,04) >> Pass
  -- Pattern b  "v"
       cycle 13a, expect(1,14) , get(1,14) >> Pass
  -- Pattern c  "lmnoprst"
       cycle 161, expect(0,00) , get(0,08) >> Pass
  -- Pattern d  "^ijk$"
       cycle 180, expect(0,00) , get(0,00) >> Pass
  -- Pattern e  "^q$"
       cycle 198, expect(1,0e) , get(1,0e) >> Pass
  __________________________________________________________
  == String 2  "2x1=2 2x2=4 2x3=6"
  -- Pattern 1  "^2.2.2"
       cycle 1cc, expect(0,00) , get(0,0c) >> Pass
  -- Pattern 2  "2.2.2"
       cycle 1e1, expect(1,04) , get(1,04) >> Pass
  -- Pattern 3  "^2.2.4$"
       cycle 1fa, expect(1,06) , get(1,06) >> Pass
  -- Pattern 4  "."
       cycle 201, expect(1,00) , get(1,00) >> Pass
  -- Pattern 5  "^.."
       cycle 20c, expect(1,00) , get(1,00) >> Pass
  -- Pattern 6  "^.$"
       cycle 229, expect(0,00) , get(0,0c) >> Pass
  -- Pattern 7  "2.$"
       cycle 24c, expect(0,00) , get(0,0c) >> Pass
  -- Pattern 8  "2x4=7"
       cycle 26f, expect(0,00) , get(0,0c) >> Pass
  -- Pattern 9  "3=6-3"
       cycle 28a, expect(0,00) , get(0,0e) >> Pass
  -- Pattern a  "1.2=2"
       cycle 2a8, expect(0,00) , get(0,02) >> Pass
  -- Pattern b  "2*2=4"
       cycle 2be, expect(1,00) , get(1,00) >> Pass
  __________________________________________________________
  == String 3  "She sees cheese"
  -- Pattern 1  "ees."
       cycle 2e0, expect(1,05) , get(1,05) >> Pass
  -- Pattern 2  "ees.$"
       cycle 2ff, expect(1,0b) , get(1,0b) >> Pass
  -- Pattern 3  "e..se"
       cycle 321, expect(0,00) , get(0,0b) >> Pass
  -- Pattern 4  "e..ee$"
       cycle 346, expect(0,00) , get(0,0b) >> Pass
  -- Pattern 5  "^ees*"
       cycle 35f, expect(0,00) , get(0,00) >> Pass
  -- Pattern 6  "hee*se"
       cycle 37c, expect(1,0a) , get(1,0a) >> Pass
  -- Pattern 7  "he.s"
       cycle 38a, expect(1,01) , get(1,01) >> Pass
  -- Pattern 8  "*see$"
       cycle 3a4, expect(0,00) , get(0,00) >> Pass
  -- Pattern 9  "se*ce"
       cycle 3be, expect(0,00) , get(0,04) >> Pass
  __________________________________________________________
  == String 4  "But she said the butter's bitter"
  -- Pattern 1  "sa*said"
       cycle 40c, expect(0,00) , get(0,08) >> Pass
  -- Pattern 2  "b*tter"
       cycle 42f, expect(1,11) , get(1,11) >> Pass
  -- Pattern 3  "b*tter$"
       cycle 45c, expect(1,11) , get(1,11) >> Pass
  -- Pattern 4  "ut*r"
       cycle 47d, expect(1,01) , get(1,01) >> Pass
  -- Pattern 5  "ut*tted"
       cycle 4aa, expect(0,00) , get(0,01) >> Pass
  -- Pattern 6  "^ut*tter"
       cycle 4d7, expect(0,00) , get(0,00) >> Pass
  -- Pattern 7  "*tered"
       cycle 503, expect(0,00) , get(0,00) >> Pass
  __________________________________________________________
  == String 5  "He threw three free throws"
  -- Pattern 1  "thr*the$"
       cycle 545, expect(0,00) , get(0,03) >> Pass
  -- Pattern 2  "^thro*th"
       cycle 573, expect(0,00) , get(0,14) >> Pass
  -- Pattern 3  ".ree th"
       cycle 5aa, expect(1,0f) , get(1,0f) >> Pass
  -- Pattern 4  ".ree  fr"
       cycle 5f4, expect(0,00) , get(0,18) >> Pass
  -- Pattern 5  ".ree *re"
       cycle 620, expect(1,0a) , get(1,0a) >> Pass
  -- Pattern 6  "re. thr"
       cycle 638, expect(1,05) , get(1,05) >> Pass
  -- Pattern 7  "ee*ee fr"
       cycle 662, expect(0,00) , get(0,0c) >> Pass
  -- Pattern 8  "ee*ee th"
       cycle 688, expect(1,0c) , get(1,0c) >> Pass
  -- Pattern 9  "re*ee.$"
       cycle 6af, expect(0,00) , get(0,05) >> Pass
  -- Pattern a  "^...$"
       cycle 6e3, expect(0,00) , get(0,14) >> Pass
  -- Pattern b  "^....$"
       cycle 70f, expect(1,0f) , get(1,0f) >> Pass
----------------------------------
-- Simulation finish, ALL PASS  --
-- cycle =1808 , Score =100       --
----------------------------------
Simulation complete via $finish(1) at time 36160 NS + 0
./tb_term.sv:201                     $finish;
ncsim> exit
TOOL:	ncverilog	15.20-s039: Exiting on Mar 06, 2021 at 00:25:47 CST  (total: 00:00:06)
